<?xml version="1.0" encoding="UTF-8"?>
<!-- Generated by org.testng.reporters.JUnitReportReporter -->
<testsuite hostname="RONIN23" failures="0" tests="1" name="seleniumgit.NewTest" time="0.026" errors="0" timestamp="2025-04-26T15:19:37 IST" skipped="0">
  <testcase classname="seleniumgit.NewTest" name="f" time="0.026"/>
  <system-out/>
</testsuite> <!-- seleniumgit.NewTest -->
